<testsuite failures="1" name="src/test/java/com/test/pages/T1_Search.feature" skipped="0" tests="1" time="69.502735">
  <testcase classname="src.test.java.com.test.pages.T1_Search" name="1" time="69.502735">
    <failure message="T1_Search.feature:14 - javascript evaluation failed: click(&quot;//span[text()='The Top 9 Memory Making Family Resorts in Arizona']&quot;), &#10;java.net.SocketTimeoutException: Read timed out">* configure driver = { type: 'chromedriver', showDriverLog: true } ........ passed
Given driver 'https://room5.trivago.com/' ................................. passed
And click("//div[@class='search-icon']") .................................. passed
When input("//input[@placeholder='Search']", 'arizona' + Key.ENTER) ....... passed
And focus("//div[@class='search-results']") ............................... passed
Then click("//span[text()='The Top 9 Memory Making Family Resorts in Arizona']") . failed

Stack Trace:
com.intuit.karate.exception.KarateException: T1_Search.feature:14 - javascript evaluation failed: click("//span[text()='The Top 9 Memory Making Family Resorts in Arizona']"), 
java.net.SocketTimeoutException: Read timed out&#13;
	at âœ½.Then click("//span[text()='The Top 9 Memory Making Family Resorts in Arizona']") (T1_Search.feature:14)&#13;

Then match driver.title == "The Top 9 Memory Making Family Resorts in Arizona" . skipped</failure>
  </testcase>
</testsuite>
