<testsuite failures="0" name="src/test/java/com/test/pages/T3_NewsletterSubscription.feature" skipped="0" tests="1" time="32.833686">
  <testcase classname="src.test.java.com.test.pages.T3_NewsletterSubscription" name="1" time="32.833686">
    <system-out>* configure driver = { type: 'chromedriver', showDriverLog: true } ........ passed
Given driver 'https://room5.trivago.com/' ................................. passed
And delay(2000) ........................................................... passed
And input("input[name='email']", 'saysgl@gmail.com') ...................... passed
When submit().click("//button[text()='Inspire Me']") ...................... passed
Then waitUntil("//p[text()='You are now checked-in!']") ................... passed</system-out>
  </testcase>
</testsuite>
